[0.313s] Invoking command in '/home/zlyoon/ros2_racing/src/mobile_racing_pkg': PYTHONPATH=/home/zlyoon/ros2_racing/src/build/mobile_racing_pkg/prefix_override:/usr/lib/python3/dist-packages/colcon_core/task/python/colcon_distutils_commands:/home/zlyoon/ros2_racing/src/install/mobile_racing_pkg/lib/python3.8/site-packages:${PYTHONPATH} /usr/bin/python3 -W ignore:setup.py install is deprecated -W ignore:easy_install command is deprecated setup.py egg_info --egg-base ../build/mobile_racing_pkg build --build-base /home/zlyoon/ros2_racing/src/build/mobile_racing_pkg/build install --record /home/zlyoon/ros2_racing/src/build/mobile_racing_pkg/install.log --install-scripts $base/lib/mobile_racing_pkg --single-version-externally-managed install_data
[0.413s] running egg_info
[0.413s] writing ../build/mobile_racing_pkg/mobile_racing_pkg.egg-info/PKG-INFO
[0.414s] writing dependency_links to ../build/mobile_racing_pkg/mobile_racing_pkg.egg-info/dependency_links.txt
[0.414s] writing entry points to ../build/mobile_racing_pkg/mobile_racing_pkg.egg-info/entry_points.txt
[0.414s] writing requirements to ../build/mobile_racing_pkg/mobile_racing_pkg.egg-info/requires.txt
[0.414s] writing top-level names to ../build/mobile_racing_pkg/mobile_racing_pkg.egg-info/top_level.txt
[0.431s] reading manifest file '../build/mobile_racing_pkg/mobile_racing_pkg.egg-info/SOURCES.txt'
[0.432s] writing manifest file '../build/mobile_racing_pkg/mobile_racing_pkg.egg-info/SOURCES.txt'
[0.432s] running build
[0.432s] running build_py
[0.432s] running install
[0.433s] running install_lib
[0.434s] running install_data
[0.434s] running install_egg_info
[0.435s] removing '/home/zlyoon/ros2_racing/src/install/mobile_racing_pkg/lib/python3.8/site-packages/mobile_racing_pkg-0.0.0-py3.8.egg-info' (and everything under it)
[0.435s] Copying ../build/mobile_racing_pkg/mobile_racing_pkg.egg-info to /home/zlyoon/ros2_racing/src/install/mobile_racing_pkg/lib/python3.8/site-packages/mobile_racing_pkg-0.0.0-py3.8.egg-info
[0.435s] running install_scripts
[0.445s] Installing kanayama_controller script to /home/zlyoon/ros2_racing/src/install/mobile_racing_pkg/lib/mobile_racing_pkg
[0.445s] Installing kanayama_controller_2 script to /home/zlyoon/ros2_racing/src/install/mobile_racing_pkg/lib/mobile_racing_pkg
[0.445s] Installing kanayama_controller_3 script to /home/zlyoon/ros2_racing/src/install/mobile_racing_pkg/lib/mobile_racing_pkg
[0.445s] Installing kanayama_controller_5 script to /home/zlyoon/ros2_racing/src/install/mobile_racing_pkg/lib/mobile_racing_pkg
[0.445s] writing list of installed files to '/home/zlyoon/ros2_racing/src/build/mobile_racing_pkg/install.log'
[0.459s] Invoked command in '/home/zlyoon/ros2_racing/src/mobile_racing_pkg' returned '0': PYTHONPATH=/home/zlyoon/ros2_racing/src/build/mobile_racing_pkg/prefix_override:/usr/lib/python3/dist-packages/colcon_core/task/python/colcon_distutils_commands:/home/zlyoon/ros2_racing/src/install/mobile_racing_pkg/lib/python3.8/site-packages:${PYTHONPATH} /usr/bin/python3 -W ignore:setup.py install is deprecated -W ignore:easy_install command is deprecated setup.py egg_info --egg-base ../build/mobile_racing_pkg build --build-base /home/zlyoon/ros2_racing/src/build/mobile_racing_pkg/build install --record /home/zlyoon/ros2_racing/src/build/mobile_racing_pkg/install.log --install-scripts $base/lib/mobile_racing_pkg --single-version-externally-managed install_data
