running egg_info
creating ../build/mobile_racing_pkg/mobile_racing_pkg.egg-info
writing ../build/mobile_racing_pkg/mobile_racing_pkg.egg-info/PKG-INFO
writing dependency_links to ../build/mobile_racing_pkg/mobile_racing_pkg.egg-info/dependency_links.txt
writing entry points to ../build/mobile_racing_pkg/mobile_racing_pkg.egg-info/entry_points.txt
writing requirements to ../build/mobile_racing_pkg/mobile_racing_pkg.egg-info/requires.txt
writing top-level names to ../build/mobile_racing_pkg/mobile_racing_pkg.egg-info/top_level.txt
writing manifest file '../build/mobile_racing_pkg/mobile_racing_pkg.egg-info/SOURCES.txt'
reading manifest file '../build/mobile_racing_pkg/mobile_racing_pkg.egg-info/SOURCES.txt'
writing manifest file '../build/mobile_racing_pkg/mobile_racing_pkg.egg-info/SOURCES.txt'
running build
running build_py
creating /home/zlyoon/ros2_racing/src/build/mobile_racing_pkg/build
creating /home/zlyoon/ros2_racing/src/build/mobile_racing_pkg/build/lib
creating /home/zlyoon/ros2_racing/src/build/mobile_racing_pkg/build/lib/mobile_racing_pkg
copying mobile_racing_pkg/kanayama_controller_nodedk.py -> /home/zlyoon/ros2_racing/src/build/mobile_racing_pkg/build/lib/mobile_racing_pkg
copying mobile_racing_pkg/pid_controller_node.py -> /home/zlyoon/ros2_racing/src/build/mobile_racing_pkg/build/lib/mobile_racing_pkg
copying mobile_racing_pkg/kanayama_controller_node4.py -> /home/zlyoon/ros2_racing/src/build/mobile_racing_pkg/build/lib/mobile_racing_pkg
copying mobile_racing_pkg/kanayama_controller_node2.py -> /home/zlyoon/ros2_racing/src/build/mobile_racing_pkg/build/lib/mobile_racing_pkg
copying mobile_racing_pkg/kanayama_controller_node5.py -> /home/zlyoon/ros2_racing/src/build/mobile_racing_pkg/build/lib/mobile_racing_pkg
copying mobile_racing_pkg/__init__.py -> /home/zlyoon/ros2_racing/src/build/mobile_racing_pkg/build/lib/mobile_racing_pkg
copying mobile_racing_pkg/test_odom_publisher.py -> /home/zlyoon/ros2_racing/src/build/mobile_racing_pkg/build/lib/mobile_racing_pkg
copying mobile_racing_pkg/kanayama_controller_node3.py -> /home/zlyoon/ros2_racing/src/build/mobile_racing_pkg/build/lib/mobile_racing_pkg
copying mobile_racing_pkg/kanayama_controller_node.py -> /home/zlyoon/ros2_racing/src/build/mobile_racing_pkg/build/lib/mobile_racing_pkg
copying mobile_racing_pkg/pure_pursuit_controller_node.py -> /home/zlyoon/ros2_racing/src/build/mobile_racing_pkg/build/lib/mobile_racing_pkg
copying mobile_racing_pkg/kanayama_controller_node10.py -> /home/zlyoon/ros2_racing/src/build/mobile_racing_pkg/build/lib/mobile_racing_pkg
copying mobile_racing_pkg/Kanayama_controller_nodedk2.py -> /home/zlyoon/ros2_racing/src/build/mobile_racing_pkg/build/lib/mobile_racing_pkg
running install
running install_lib
creating /home/zlyoon/ros2_racing/src/install/mobile_racing_pkg/lib/python3.8/site-packages/mobile_racing_pkg
copying /home/zlyoon/ros2_racing/src/build/mobile_racing_pkg/build/lib/mobile_racing_pkg/kanayama_controller_nodedk.py -> /home/zlyoon/ros2_racing/src/install/mobile_racing_pkg/lib/python3.8/site-packages/mobile_racing_pkg
copying /home/zlyoon/ros2_racing/src/build/mobile_racing_pkg/build/lib/mobile_racing_pkg/pid_controller_node.py -> /home/zlyoon/ros2_racing/src/install/mobile_racing_pkg/lib/python3.8/site-packages/mobile_racing_pkg
copying /home/zlyoon/ros2_racing/src/build/mobile_racing_pkg/build/lib/mobile_racing_pkg/kanayama_controller_node4.py -> /home/zlyoon/ros2_racing/src/install/mobile_racing_pkg/lib/python3.8/site-packages/mobile_racing_pkg
copying /home/zlyoon/ros2_racing/src/build/mobile_racing_pkg/build/lib/mobile_racing_pkg/kanayama_controller_node2.py -> /home/zlyoon/ros2_racing/src/install/mobile_racing_pkg/lib/python3.8/site-packages/mobile_racing_pkg
copying /home/zlyoon/ros2_racing/src/build/mobile_racing_pkg/build/lib/mobile_racing_pkg/kanayama_controller_node5.py -> /home/zlyoon/ros2_racing/src/install/mobile_racing_pkg/lib/python3.8/site-packages/mobile_racing_pkg
copying /home/zlyoon/ros2_racing/src/build/mobile_racing_pkg/build/lib/mobile_racing_pkg/__init__.py -> /home/zlyoon/ros2_racing/src/install/mobile_racing_pkg/lib/python3.8/site-packages/mobile_racing_pkg
copying /home/zlyoon/ros2_racing/src/build/mobile_racing_pkg/build/lib/mobile_racing_pkg/test_odom_publisher.py -> /home/zlyoon/ros2_racing/src/install/mobile_racing_pkg/lib/python3.8/site-packages/mobile_racing_pkg
copying /home/zlyoon/ros2_racing/src/build/mobile_racing_pkg/build/lib/mobile_racing_pkg/kanayama_controller_node3.py -> /home/zlyoon/ros2_racing/src/install/mobile_racing_pkg/lib/python3.8/site-packages/mobile_racing_pkg
copying /home/zlyoon/ros2_racing/src/build/mobile_racing_pkg/build/lib/mobile_racing_pkg/kanayama_controller_node.py -> /home/zlyoon/ros2_racing/src/install/mobile_racing_pkg/lib/python3.8/site-packages/mobile_racing_pkg
copying /home/zlyoon/ros2_racing/src/build/mobile_racing_pkg/build/lib/mobile_racing_pkg/pure_pursuit_controller_node.py -> /home/zlyoon/ros2_racing/src/install/mobile_racing_pkg/lib/python3.8/site-packages/mobile_racing_pkg
copying /home/zlyoon/ros2_racing/src/build/mobile_racing_pkg/build/lib/mobile_racing_pkg/kanayama_controller_node10.py -> /home/zlyoon/ros2_racing/src/install/mobile_racing_pkg/lib/python3.8/site-packages/mobile_racing_pkg
copying /home/zlyoon/ros2_racing/src/build/mobile_racing_pkg/build/lib/mobile_racing_pkg/Kanayama_controller_nodedk2.py -> /home/zlyoon/ros2_racing/src/install/mobile_racing_pkg/lib/python3.8/site-packages/mobile_racing_pkg
byte-compiling /home/zlyoon/ros2_racing/src/install/mobile_racing_pkg/lib/python3.8/site-packages/mobile_racing_pkg/kanayama_controller_nodedk.py to kanayama_controller_nodedk.cpython-38.pyc
byte-compiling /home/zlyoon/ros2_racing/src/install/mobile_racing_pkg/lib/python3.8/site-packages/mobile_racing_pkg/pid_controller_node.py to pid_controller_node.cpython-38.pyc
byte-compiling /home/zlyoon/ros2_racing/src/install/mobile_racing_pkg/lib/python3.8/site-packages/mobile_racing_pkg/kanayama_controller_node4.py to kanayama_controller_node4.cpython-38.pyc
byte-compiling /home/zlyoon/ros2_racing/src/install/mobile_racing_pkg/lib/python3.8/site-packages/mobile_racing_pkg/kanayama_controller_node2.py to kanayama_controller_node2.cpython-38.pyc
byte-compiling /home/zlyoon/ros2_racing/src/install/mobile_racing_pkg/lib/python3.8/site-packages/mobile_racing_pkg/kanayama_controller_node5.py to kanayama_controller_node5.cpython-38.pyc
byte-compiling /home/zlyoon/ros2_racing/src/install/mobile_racing_pkg/lib/python3.8/site-packages/mobile_racing_pkg/__init__.py to __init__.cpython-38.pyc
byte-compiling /home/zlyoon/ros2_racing/src/install/mobile_racing_pkg/lib/python3.8/site-packages/mobile_racing_pkg/test_odom_publisher.py to test_odom_publisher.cpython-38.pyc
byte-compiling /home/zlyoon/ros2_racing/src/install/mobile_racing_pkg/lib/python3.8/site-packages/mobile_racing_pkg/kanayama_controller_node3.py to kanayama_controller_node3.cpython-38.pyc
byte-compiling /home/zlyoon/ros2_racing/src/install/mobile_racing_pkg/lib/python3.8/site-packages/mobile_racing_pkg/kanayama_controller_node.py to kanayama_controller_node.cpython-38.pyc
byte-compiling /home/zlyoon/ros2_racing/src/install/mobile_racing_pkg/lib/python3.8/site-packages/mobile_racing_pkg/pure_pursuit_controller_node.py to pure_pursuit_controller_node.cpython-38.pyc
byte-compiling /home/zlyoon/ros2_racing/src/install/mobile_racing_pkg/lib/python3.8/site-packages/mobile_racing_pkg/kanayama_controller_node10.py to kanayama_controller_node10.cpython-38.pyc
byte-compiling /home/zlyoon/ros2_racing/src/install/mobile_racing_pkg/lib/python3.8/site-packages/mobile_racing_pkg/Kanayama_controller_nodedk2.py to Kanayama_controller_nodedk2.cpython-38.pyc
running install_data
creating /home/zlyoon/ros2_racing/src/install/mobile_racing_pkg/share/ament_index
creating /home/zlyoon/ros2_racing/src/install/mobile_racing_pkg/share/ament_index/resource_index
creating /home/zlyoon/ros2_racing/src/install/mobile_racing_pkg/share/ament_index/resource_index/packages
copying resource/mobile_racing_pkg -> /home/zlyoon/ros2_racing/src/install/mobile_racing_pkg/share/ament_index/resource_index/packages
copying package.xml -> /home/zlyoon/ros2_racing/src/install/mobile_racing_pkg/share/mobile_racing_pkg
running install_egg_info
Copying ../build/mobile_racing_pkg/mobile_racing_pkg.egg-info to /home/zlyoon/ros2_racing/src/install/mobile_racing_pkg/lib/python3.8/site-packages/mobile_racing_pkg-0.0.0-py3.8.egg-info
running install_scripts
Installing kanayama_controller script to /home/zlyoon/ros2_racing/src/install/mobile_racing_pkg/lib/mobile_racing_pkg
Installing kanayama_controller_2 script to /home/zlyoon/ros2_racing/src/install/mobile_racing_pkg/lib/mobile_racing_pkg
Installing kanayama_controller_3 script to /home/zlyoon/ros2_racing/src/install/mobile_racing_pkg/lib/mobile_racing_pkg
Installing kanayama_controller_5 script to /home/zlyoon/ros2_racing/src/install/mobile_racing_pkg/lib/mobile_racing_pkg
writing list of installed files to '/home/zlyoon/ros2_racing/src/build/mobile_racing_pkg/install.log'
