/home/zlyoon/ros2_racing/src/install/mobile_racing_pkg/lib/python3.8/site-packages/mobile_racing_pkg/kanayama_controller_nodedk.py
/home/zlyoon/ros2_racing/src/install/mobile_racing_pkg/lib/python3.8/site-packages/mobile_racing_pkg/pid_controller_node.py
/home/zlyoon/ros2_racing/src/install/mobile_racing_pkg/lib/python3.8/site-packages/mobile_racing_pkg/kanayama_controller_node4.py
/home/zlyoon/ros2_racing/src/install/mobile_racing_pkg/lib/python3.8/site-packages/mobile_racing_pkg/kanayama_controller_node2.py
/home/zlyoon/ros2_racing/src/install/mobile_racing_pkg/lib/python3.8/site-packages/mobile_racing_pkg/kanayama_controller_node5.py
/home/zlyoon/ros2_racing/src/install/mobile_racing_pkg/lib/python3.8/site-packages/mobile_racing_pkg/__init__.py
/home/zlyoon/ros2_racing/src/install/mobile_racing_pkg/lib/python3.8/site-packages/mobile_racing_pkg/test_odom_publisher.py
/home/zlyoon/ros2_racing/src/install/mobile_racing_pkg/lib/python3.8/site-packages/mobile_racing_pkg/kanayama_controller_node3.py
/home/zlyoon/ros2_racing/src/install/mobile_racing_pkg/lib/python3.8/site-packages/mobile_racing_pkg/kanayama_controller_node.py
/home/zlyoon/ros2_racing/src/install/mobile_racing_pkg/lib/python3.8/site-packages/mobile_racing_pkg/pure_pursuit_controller_node.py
/home/zlyoon/ros2_racing/src/install/mobile_racing_pkg/lib/python3.8/site-packages/mobile_racing_pkg/kanayama_controller_node10.py
/home/zlyoon/ros2_racing/src/install/mobile_racing_pkg/lib/python3.8/site-packages/mobile_racing_pkg/Kanayama_controller_nodedk2.py
/home/zlyoon/ros2_racing/src/install/mobile_racing_pkg/lib/python3.8/site-packages/mobile_racing_pkg/__pycache__/kanayama_controller_nodedk.cpython-38.pyc
/home/zlyoon/ros2_racing/src/install/mobile_racing_pkg/lib/python3.8/site-packages/mobile_racing_pkg/__pycache__/pid_controller_node.cpython-38.pyc
/home/zlyoon/ros2_racing/src/install/mobile_racing_pkg/lib/python3.8/site-packages/mobile_racing_pkg/__pycache__/kanayama_controller_node4.cpython-38.pyc
/home/zlyoon/ros2_racing/src/install/mobile_racing_pkg/lib/python3.8/site-packages/mobile_racing_pkg/__pycache__/kanayama_controller_node2.cpython-38.pyc
/home/zlyoon/ros2_racing/src/install/mobile_racing_pkg/lib/python3.8/site-packages/mobile_racing_pkg/__pycache__/kanayama_controller_node5.cpython-38.pyc
/home/zlyoon/ros2_racing/src/install/mobile_racing_pkg/lib/python3.8/site-packages/mobile_racing_pkg/__pycache__/__init__.cpython-38.pyc
/home/zlyoon/ros2_racing/src/install/mobile_racing_pkg/lib/python3.8/site-packages/mobile_racing_pkg/__pycache__/test_odom_publisher.cpython-38.pyc
/home/zlyoon/ros2_racing/src/install/mobile_racing_pkg/lib/python3.8/site-packages/mobile_racing_pkg/__pycache__/kanayama_controller_node3.cpython-38.pyc
/home/zlyoon/ros2_racing/src/install/mobile_racing_pkg/lib/python3.8/site-packages/mobile_racing_pkg/__pycache__/kanayama_controller_node.cpython-38.pyc
/home/zlyoon/ros2_racing/src/install/mobile_racing_pkg/lib/python3.8/site-packages/mobile_racing_pkg/__pycache__/pure_pursuit_controller_node.cpython-38.pyc
/home/zlyoon/ros2_racing/src/install/mobile_racing_pkg/lib/python3.8/site-packages/mobile_racing_pkg/__pycache__/kanayama_controller_node10.cpython-38.pyc
/home/zlyoon/ros2_racing/src/install/mobile_racing_pkg/lib/python3.8/site-packages/mobile_racing_pkg/__pycache__/Kanayama_controller_nodedk2.cpython-38.pyc
/home/zlyoon/ros2_racing/src/install/mobile_racing_pkg/share/ament_index/resource_index/packages/mobile_racing_pkg
/home/zlyoon/ros2_racing/src/install/mobile_racing_pkg/share/mobile_racing_pkg/package.xml
/home/zlyoon/ros2_racing/src/install/mobile_racing_pkg/lib/python3.8/site-packages/mobile_racing_pkg-0.0.0-py3.8.egg-info/top_level.txt
/home/zlyoon/ros2_racing/src/install/mobile_racing_pkg/lib/python3.8/site-packages/mobile_racing_pkg-0.0.0-py3.8.egg-info/SOURCES.txt
/home/zlyoon/ros2_racing/src/install/mobile_racing_pkg/lib/python3.8/site-packages/mobile_racing_pkg-0.0.0-py3.8.egg-info/PKG-INFO
/home/zlyoon/ros2_racing/src/install/mobile_racing_pkg/lib/python3.8/site-packages/mobile_racing_pkg-0.0.0-py3.8.egg-info/dependency_links.txt
/home/zlyoon/ros2_racing/src/install/mobile_racing_pkg/lib/python3.8/site-packages/mobile_racing_pkg-0.0.0-py3.8.egg-info/requires.txt
/home/zlyoon/ros2_racing/src/install/mobile_racing_pkg/lib/python3.8/site-packages/mobile_racing_pkg-0.0.0-py3.8.egg-info/entry_points.txt
/home/zlyoon/ros2_racing/src/install/mobile_racing_pkg/lib/python3.8/site-packages/mobile_racing_pkg-0.0.0-py3.8.egg-info/zip-safe
/home/zlyoon/ros2_racing/src/install/mobile_racing_pkg/lib/mobile_racing_pkg/kanayama_controller
/home/zlyoon/ros2_racing/src/install/mobile_racing_pkg/lib/mobile_racing_pkg/kanayama_controller_2
/home/zlyoon/ros2_racing/src/install/mobile_racing_pkg/lib/mobile_racing_pkg/kanayama_controller_3
/home/zlyoon/ros2_racing/src/install/mobile_racing_pkg/lib/mobile_racing_pkg/kanayama_controller_5
